cl : command line  warning D9025: overriding '/sdl' with '/GS-'
  capture.c
C:\Users\ncosa\packet-capture\packet-capture\flag_numbers.h(15,23): warning C4996: 'strcat': This function or variable may be unsafe. Consider using strcat_s instead. To disable deprecation, use _CRT_SECURE_NO_WARNINGS. See online help for details.
  (compiling source file 'capture.c')
  
C:\Users\ncosa\packet-capture\packet-capture\flag_numbers.h(16,23): warning C4996: 'strcat': This function or variable may be unsafe. Consider using strcat_s instead. To disable deprecation, use _CRT_SECURE_NO_WARNINGS. See online help for details.
  (compiling source file 'capture.c')
  
C:\Users\ncosa\packet-capture\packet-capture\flag_numbers.h(17,23): warning C4996: 'strcat': This function or variable may be unsafe. Consider using strcat_s instead. To disable deprecation, use _CRT_SECURE_NO_WARNINGS. See online help for details.
  (compiling source file 'capture.c')
  
C:\Users\ncosa\packet-capture\packet-capture\flag_numbers.h(18,23): warning C4996: 'strcat': This function or variable may be unsafe. Consider using strcat_s instead. To disable deprecation, use _CRT_SECURE_NO_WARNINGS. See online help for details.
  (compiling source file 'capture.c')
  
C:\Users\ncosa\packet-capture\packet-capture\flag_numbers.h(19,23): warning C4996: 'strcat': This function or variable may be unsafe. Consider using strcat_s instead. To disable deprecation, use _CRT_SECURE_NO_WARNINGS. See online help for details.
  (compiling source file 'capture.c')
  
C:\Users\ncosa\packet-capture\packet-capture\flag_numbers.h(20,23): warning C4996: 'strcat': This function or variable may be unsafe. Consider using strcat_s instead. To disable deprecation, use _CRT_SECURE_NO_WARNINGS. See online help for details.
  (compiling source file 'capture.c')
  
C:\Users\ncosa\packet-capture\packet-capture\flag_numbers.h(21,23): warning C4996: 'strcat': This function or variable may be unsafe. Consider using strcat_s instead. To disable deprecation, use _CRT_SECURE_NO_WARNINGS. See online help for details.
  (compiling source file 'capture.c')
  
C:\Users\ncosa\packet-capture\packet-capture\flag_numbers.h(22,23): warning C4996: 'strcat': This function or variable may be unsafe. Consider using strcat_s instead. To disable deprecation, use _CRT_SECURE_NO_WARNINGS. See online help for details.
  (compiling source file 'capture.c')
  
  get_devices.c
cl : command line  warning D9025: overriding '/sdl' with '/GS-'
  packet.h
  protocol_numbers.h
     Creating library C:\Users\ncosa\packet-capture\Release\packet-capture.lib and object C:\Users\ncosa\packet-capture\Release\packet-capture.exp
capture.obj : error LNK2001: unresolved external symbol _pcap_datalink
capture.obj : error LNK2001: unresolved external symbol _pcap_open_live
capture.obj : error LNK2001: unresolved external symbol _pcap_loop
capture.obj : error LNK2001: unresolved external symbol _pcap_close
get_devices.obj : error LNK2001: unresolved external symbol _pcap_freealldevs
get_devices.obj : error LNK2001: unresolved external symbol _pcap_findalldevs
C:\Users\ncosa\packet-capture\Release\packet-capture.dll : fatal error LNK1120: 6 unresolved externals
